<?xml version="1.0" encoding="UTF-8" ?>
<testsuites>
  <testsuite failures="0" hostname="XCD_92WLKP2" id="0" name="PayrollProject/tests" package="" skipped="0" tests="2" time="406.452" timestamp="Fri Apr 05 12:30:22 IST 2019">
	    <properties>
		      <property name="excludeCallableTestCases" value="true" />

		      <property name="testEnvironment" value="" />

		      <property name="pluginOutputLevel" value="WARNING" />

		      <property name="projectPath" value=".." />

		      <property name="salesforceMetadataCache" value="Reuse" />

		      <property name="resultsPathDisposition" value="Increment" />

		      <property name="testOutputLevel" value="WARNING" />

		      <property name="webBrowserType" value="Google Chrome" />

		      <property name="resultsPath" value="../ANT/Results" />

		      <property name="webBrowserConfiguration" value="Full Screen" />

		      <property name="projectCachePath" value="D:\PROVAR BACK UP FROM APRIL 4 2019\PayrollProject\ANT\..\..\.provarCaches" />

	    </properties>

	    <testcase classname="tests/Payroll HMRC Student loan Project 2019-20\1_HmrcStudentLoanPlanOneWeeklyPayPeriod.testcase" name="1_HmrcStudentLoanPlanOneWeeklyPayPeriod.testcase" time="222.574">
	</testcase>

	    <testcase classname="tests/Payroll HMRC Student loan Project 2019-20\2_HmrcStudentLoanPlanTwoWeeklyPayPeriod.testcase" name="2_HmrcStudentLoanPlanTwoWeeklyPayPeriod.testcase" time="168.491">
	</testcase>

  </testsuite>
</testsuites>
