<?xml version="1.0" encoding="UTF-8"?>
<testsuite name="PayrollProject/tests" tests="4" failures="3" skipped="0" hostname="XCD_92WLKP2" time="1721.499" timestamp="Wed Jul 03 14:58:53 IST 2019">
	<properties>
		<property name="excludeCallableTestCases" value="true"/>
		<property name="testEnvironment" value=""/>
		<property name="pluginOutputLevel" value="WARNING"/>
		<property name="projectPath" value=".."/>
		<property name="salesforceMetadataCache" value="Reuse"/>
		<property name="resultsPathDisposition" value="Increment"/>
		<property name="testOutputLevel" value="WARNING"/>
		<property name="webBrowserType" value="Google Chrome"/>
		<property name="resultsPath" value="../ANT/Results"/>
		<property name="webBrowserConfiguration" value="Full Screen"/>
		<property name="projectCachePath" value="C:\Users\AzizMugdal\git\24-7PeopleXCDPayroll\PayrollProject\ANT\..\..\.provarCaches"/>
	</properties>
	<testcase classname="tests/Optimised Payroll HMRC Student loan Project Tax year 2019-20\Optimisation in progress\A_HmrcStudentLoanPlanOneWeeklyPayPeriod.testcase" name="A_HmrcStudentLoanPlanOneWeeklyPayPeriod.testcase" time="423.841">
		<failure message="Execution failed"><![CDATA[Failing Test Step because the Loop Limit has been reached.]]></failure>
	</testcase>
	<testcase classname="tests/Optimised Payroll HMRC Student loan Project Tax year 2019-20\Optimisation in progress\B_HmrcStudentLoanPlanTwoWeeklyPayPeriod.testcase" name="B_HmrcStudentLoanPlanTwoWeeklyPayPeriod.testcase" time="396.029">
	</testcase>
	<testcase classname="tests/Optimised Payroll HMRC Student loan Project Tax year 2019-20\Optimisation in progress\C_HmrcStudentLoanPlanFourWeeklyPayPeriod.testcase" name="C_HmrcStudentLoanPlanFourWeeklyPayPeriod.testcase" time="498.265">
		<failure message="Execution failed"><![CDATA[Failing Test Step because the Loop Limit has been reached.]]></failure>
	</testcase>
	<testcase classname="tests/Optimised Payroll HMRC Student loan Project Tax year 2019-20\Optimisation in progress\D_HmrcStudentLoanPlanMonthlyPayPeriod.testcase" name="D_HmrcStudentLoanPlanMonthlyPayPeriod.testcase" time="385.943">
		<failure message="Execution failed"><![CDATA[Failing Test Step because the Loop Limit has been reached.]]></failure>
	</testcase>
</testsuite>
