<?xml version="1.0" encoding="UTF-8" ?>
<testsuites>
  <testsuite failures="1" hostname="XCD_92WLKP2" id="0" name="PayrollProject/tests" package="" skipped="0" tests="1" time="362.123" timestamp="Tue Jul 02 17:07:14 IST 2019">
	    <properties>
		      <property name="excludeCallableTestCases" value="true" />

		      <property name="testEnvironment" value="" />

		      <property name="pluginOutputLevel" value="WARNING" />

		      <property name="projectPath" value=".." />

		      <property name="salesforceMetadataCache" value="Reuse" />

		      <property name="resultsPathDisposition" value="Increment" />

		      <property name="testOutputLevel" value="WARNING" />

		      <property name="webBrowserType" value="Google Chrome" />

		      <property name="resultsPath" value="../ANT/Results" />

		      <property name="webBrowserConfiguration" value="Full Screen" />

		      <property name="projectCachePath" value="C:\Users\AzizMugdal\git\24-7PeopleXCDPayroll\PayrollProject\ANT\..\..\.provarCaches" />

	    </properties>

	    <testcase classname="tests/Payroll HMRC NI Project Tax year 2019-20\Payroll NI Monthly Tax year 2019_20\Optimized NI Monthly Tax scripts\G_NIMonthlyCatZTestScript.testcase" name="G_NIMonthlyCatZTestScript.testcase" time="356.728">
		      <failure message="Execution failed"><![CDATA[Field not found on Page Object.  Parent class: pageobjects.PayRunTableVFPage, field: generatePeriod]]></failure>

	    </testcase>

  </testsuite>
</testsuites>
